{"D:\\Documents\\Persönlsche Tresor\\Education\\HSB\\6 Semester\\Wahl Pflicht Modul\\Softwaretesting\\Labor\\Woche 7\\coffee-cart\\src\\test\\togglePromo.ts": {"path":"D:\\Documents\\Persönlsche Tresor\\Education\\HSB\\6 Semester\\Wahl Pflicht Modul\\Softwaretesting\\Labor\\Woche 7\\coffee-cart\\src\\test\\togglePromo.ts","statementMap":{"0":{"start":{"line":1,"column":27},"end":{"line":3,"column":1}},"1":{"start":{"line":2,"column":2},"end":{"line":2,"column":37}},"2":{"start":{"line":1,"column":13},"end":{"line":1,"column":27}}},"fnMap":{"0":{"name":"(anonymous_0)","decl":{"start":{"line":1,"column":27},"end":{"line":1,"column":28}},"loc":{"start":{"line":1,"column":54},"end":{"line":3,"column":1}}}},"branchMap":{"0":{"loc":{"start":{"line":2,"column":9},"end":{"line":2,"column":36}},"type":"binary-expr","locations":[{"start":{"line":2,"column":9},"end":{"line":2,"column":18}},{"start":{"line":2,"column":22},"end":{"line":2,"column":36}}]}},"s":{"0":1,"1":4,"2":1},"f":{"0":4},"b":{"0":[4,2]}}
}
